  [1m[35m (713.8ms)[0m  [1m[35mCREATE DATABASE "independent_camp_development" ENCODING = 'unicode'[0m
  ↳ bin/rails:9
  [1m[35m (438.5ms)[0m  [1m[35mCREATE DATABASE "independent_camp_test" ENCODING = 'unicode'[0m
  ↳ bin/rails:9
  [1m[35m (72.1ms)[0m  [1m[35mCREATE TABLE "schema_migrations" ("version" character varying NOT NULL PRIMARY KEY)[0m
  ↳ bin/rails:9
  [1m[35m (42.2ms)[0m  [1m[35mCREATE TABLE "ar_internal_metadata" ("key" character varying NOT NULL PRIMARY KEY, "value" character varying, "created_at" timestamp NOT NULL, "updated_at" timestamp NOT NULL)[0m
  ↳ bin/rails:9
  [1m[35m (1.7ms)[0m  [1m[34mSELECT pg_try_advisory_lock(4213353580848231120)[0m
  ↳ bin/rails:9
  [1m[35m (1.3ms)[0m  [1m[34mSELECT "schema_migrations"."version" FROM "schema_migrations" ORDER BY "schema_migrations"."version" ASC[0m
  ↳ bin/rails:9
Migrating to CreateUsers (20191001171255)
  [1m[35m (40.6ms)[0m  [1m[35mBEGIN[0m
  ↳ bin/rails:9
  [1m[35m (9.5ms)[0m  [1m[35mCREATE TABLE "users" ("id" bigserial primary key, "username" character varying NOT NULL, "email" character varying NOT NULL, "password_digest" character varying NOT NULL, "session_token" character varying NOT NULL, "artist?" boolean DEFAULT FALSE NOT NULL, "artist_location" character varying, "created_at" timestamp NOT NULL, "updated_at" timestamp NOT NULL)[0m
  ↳ db/migrate/20191001171255_create_users.rb:3
  [1m[35m (1.1ms)[0m  [1m[35mCREATE UNIQUE INDEX  "index_users_on_username" ON "users"  ("username")[0m
  ↳ db/migrate/20191001171255_create_users.rb:14
  [1m[35m (1.1ms)[0m  [1m[35mCREATE UNIQUE INDEX  "index_users_on_email" ON "users"  ("email")[0m
  ↳ db/migrate/20191001171255_create_users.rb:15
  [1m[35m (0.9ms)[0m  [1m[35mCREATE UNIQUE INDEX  "index_users_on_session_token" ON "users"  ("session_token")[0m
  ↳ db/migrate/20191001171255_create_users.rb:16
  [1m[36mActiveRecord::SchemaMigration Create (3.4ms)[0m  [1m[32mINSERT INTO "schema_migrations" ("version") VALUES ($1) RETURNING "version"[0m  [["version", "20191001171255"]]
  ↳ bin/rails:9
  [1m[35m (0.4ms)[0m  [1m[35mCOMMIT[0m
  ↳ bin/rails:9
  [1m[36mActiveRecord::InternalMetadata Load (0.4ms)[0m  [1m[34mSELECT  "ar_internal_metadata".* FROM "ar_internal_metadata" WHERE "ar_internal_metadata"."key" = $1 LIMIT $2[0m  [["key", "environment"], ["LIMIT", 1]]
  ↳ bin/rails:9
  [1m[35m (0.2ms)[0m  [1m[35mBEGIN[0m
  ↳ bin/rails:9
  [1m[36mActiveRecord::InternalMetadata Create (84.4ms)[0m  [1m[32mINSERT INTO "ar_internal_metadata" ("key", "value", "created_at", "updated_at") VALUES ($1, $2, $3, $4) RETURNING "key"[0m  [["key", "environment"], ["value", "development"], ["created_at", "2019-10-01 17:42:28.417200"], ["updated_at", "2019-10-01 17:42:28.417200"]]
  ↳ bin/rails:9
  [1m[35m (0.4ms)[0m  [1m[35mCOMMIT[0m
  ↳ bin/rails:9
  [1m[35m (0.2ms)[0m  [1m[34mSELECT pg_advisory_unlock(4213353580848231120)[0m
  ↳ bin/rails:9
  [1m[35m (0.4ms)[0m  [1m[34mSELECT "schema_migrations"."version" FROM "schema_migrations" ORDER BY "schema_migrations"."version" ASC[0m
  ↳ bin/rails:9
  [1m[35m (1.4ms)[0m  [1m[34mSELECT "schema_migrations"."version" FROM "schema_migrations" ORDER BY "schema_migrations"."version" ASC[0m
  ↳ /Users/emreersolmaz/.rbenv/versions/2.5.1/bin/annotate:23
Started GET "/" for ::1 at 2019-10-01 15:16:29 -0400
  [1m[35m (2.0ms)[0m  [1m[34mSELECT "schema_migrations"."version" FROM "schema_migrations" ORDER BY "schema_migrations"."version" ASC[0m
  ↳ /Users/emreersolmaz/.rbenv/versions/2.5.1/lib/ruby/gems/2.5.0/gems/activerecord-5.2.3/lib/active_record/log_subscriber.rb:98
Processing by Rails::WelcomeController#index as HTML
  Rendering /Users/emreersolmaz/.rbenv/versions/2.5.1/lib/ruby/gems/2.5.0/gems/railties-5.2.3/lib/rails/templates/rails/welcome/index.html.erb
  Rendered /Users/emreersolmaz/.rbenv/versions/2.5.1/lib/ruby/gems/2.5.0/gems/railties-5.2.3/lib/rails/templates/rails/welcome/index.html.erb (2.5ms)
Completed 200 OK in 27ms (Views: 17.2ms | ActiveRecord: 0.0ms)


Started GET "/new" for ::1 at 2019-10-01 15:16:54 -0400
  
ActionController::RoutingError (No route matches [GET] "/new"):
  
actionpack (5.2.3) lib/action_dispatch/middleware/debug_exceptions.rb:65:in `call'
web-console (3.7.0) lib/web_console/middleware.rb:135:in `call_app'
web-console (3.7.0) lib/web_console/middleware.rb:30:in `block in call'
web-console (3.7.0) lib/web_console/middleware.rb:20:in `catch'
web-console (3.7.0) lib/web_console/middleware.rb:20:in `call'
actionpack (5.2.3) lib/action_dispatch/middleware/show_exceptions.rb:33:in `call'
railties (5.2.3) lib/rails/rack/logger.rb:38:in `call_app'
railties (5.2.3) lib/rails/rack/logger.rb:26:in `block in call'
activesupport (5.2.3) lib/active_support/tagged_logging.rb:71:in `block in tagged'
activesupport (5.2.3) lib/active_support/tagged_logging.rb:28:in `tagged'
activesupport (5.2.3) lib/active_support/tagged_logging.rb:71:in `tagged'
railties (5.2.3) lib/rails/rack/logger.rb:26:in `call'
sprockets-rails (3.2.1) lib/sprockets/rails/quiet_assets.rb:13:in `call'
actionpack (5.2.3) lib/action_dispatch/middleware/remote_ip.rb:81:in `call'
actionpack (5.2.3) lib/action_dispatch/middleware/request_id.rb:27:in `call'
rack (2.0.7) lib/rack/method_override.rb:22:in `call'
rack (2.0.7) lib/rack/runtime.rb:22:in `call'
activesupport (5.2.3) lib/active_support/cache/strategy/local_cache_middleware.rb:29:in `call'
actionpack (5.2.3) lib/action_dispatch/middleware/executor.rb:14:in `call'
actionpack (5.2.3) lib/action_dispatch/middleware/static.rb:127:in `call'
rack (2.0.7) lib/rack/sendfile.rb:111:in `call'
railties (5.2.3) lib/rails/engine.rb:524:in `call'
puma (3.12.1) lib/puma/configuration.rb:227:in `call'
puma (3.12.1) lib/puma/server.rb:660:in `handle_request'
puma (3.12.1) lib/puma/server.rb:474:in `process_client'
puma (3.12.1) lib/puma/server.rb:334:in `block in run'
puma (3.12.1) lib/puma/thread_pool.rb:135:in `block in spawn_thread'
Started GET "/" for ::1 at 2019-10-01 17:07:07 -0400
Processing by StaticPagesController#root as HTML
Completed 406 Not Acceptable in 86ms (ActiveRecord: 0.0ms)



ActionController::UnknownFormat - StaticPagesController#root is missing a template for this request format and variant.

request.formats: ["text/html"]
request.variant: []

NOTE! For XHR/Ajax or API requests, this action would normally respond with 204 No Content: an empty white screen. Since you're loading it in a web browser, we assume that you expected to actually render a template, not nothing, so we're showing an error to be extra-clear. If you expect 204 No Content, carry on. That's what you'll get from an XHR or API request. Give it a shot.:

Started POST "/__better_errors/fb2f4ac64aa0444a/variables" for ::1 at 2019-10-01 17:07:07 -0400
Started GET "/" for ::1 at 2019-10-01 17:07:23 -0400
Processing by StaticPagesController#root as HTML
Completed 406 Not Acceptable in 88ms (ActiveRecord: 0.0ms)



ActionController::UnknownFormat - StaticPagesController#root is missing a template for this request format and variant.

request.formats: ["text/html"]
request.variant: []

NOTE! For XHR/Ajax or API requests, this action would normally respond with 204 No Content: an empty white screen. Since you're loading it in a web browser, we assume that you expected to actually render a template, not nothing, so we're showing an error to be extra-clear. If you expect 204 No Content, carry on. That's what you'll get from an XHR or API request. Give it a shot.:

Started POST "/__better_errors/f239bf04afc1e330/variables" for ::1 at 2019-10-01 17:07:24 -0400
Started POST "/__better_errors/f239bf04afc1e330/variables" for ::1 at 2019-10-01 17:07:26 -0400
Started GET "/" for ::1 at 2019-10-01 17:07:28 -0400
Processing by StaticPagesController#root as HTML
Completed 406 Not Acceptable in 87ms (ActiveRecord: 0.0ms)



ActionController::UnknownFormat - StaticPagesController#root is missing a template for this request format and variant.

request.formats: ["text/html"]
request.variant: []

NOTE! For XHR/Ajax or API requests, this action would normally respond with 204 No Content: an empty white screen. Since you're loading it in a web browser, we assume that you expected to actually render a template, not nothing, so we're showing an error to be extra-clear. If you expect 204 No Content, carry on. That's what you'll get from an XHR or API request. Give it a shot.:

Started POST "/__better_errors/7612ed1f848ab0d5/variables" for ::1 at 2019-10-01 17:07:29 -0400
Started GET "/" for ::1 at 2019-10-01 17:07:39 -0400

NameError - uninitialized constant StaticPagesController:

Started POST "/__better_errors/a06bb0667c509b10/variables" for ::1 at 2019-10-01 17:07:39 -0400
Started GET "/" for ::1 at 2019-10-01 17:07:40 -0400

NameError - uninitialized constant StaticPagesController:

Started POST "/__better_errors/92f933abcfd4890c/variables" for ::1 at 2019-10-01 17:07:40 -0400
Started GET "/" for ::1 at 2019-10-01 17:07:40 -0400

NameError - uninitialized constant StaticPagesController:

Started POST "/__better_errors/1355ba1ceda6c765/variables" for ::1 at 2019-10-01 17:07:41 -0400
Started GET "/" for ::1 at 2019-10-01 17:07:41 -0400

NameError - uninitialized constant StaticPagesController:

Started POST "/__better_errors/b460c61d043b925a/variables" for ::1 at 2019-10-01 17:07:41 -0400
Started GET "/" for ::1 at 2019-10-01 17:07:41 -0400

NameError - uninitialized constant StaticPagesController:

Started POST "/__better_errors/1d0bcc6a95abb733/variables" for ::1 at 2019-10-01 17:07:41 -0400
Started GET "/" for ::1 at 2019-10-01 17:07:41 -0400

NameError - uninitialized constant StaticPagesController:

Started POST "/__better_errors/3fc22a027599b7ea/variables" for ::1 at 2019-10-01 17:07:41 -0400
Started GET "/" for ::1 at 2019-10-01 17:09:01 -0400

LoadError - Unable to autoload constant StaticPagesController, expected /Users/emreersolmaz/Desktop/AppAcademy/Full-Stack-Project/IndependentCamp/independent_camp/app/controllers/static_pages_controller.rb to define it:

Started POST "/__better_errors/41aa290833842fcb/variables" for ::1 at 2019-10-01 17:09:01 -0400
Started GET "/" for ::1 at 2019-10-01 17:11:00 -0400
Processing by StaticPagesController#root as HTML
Completed 406 Not Acceptable in 85ms (ActiveRecord: 0.0ms)



ActionController::UnknownFormat - StaticPagesController#root is missing a template for this request format and variant.

request.formats: ["text/html"]
request.variant: []

NOTE! For XHR/Ajax or API requests, this action would normally respond with 204 No Content: an empty white screen. Since you're loading it in a web browser, we assume that you expected to actually render a template, not nothing, so we're showing an error to be extra-clear. If you expect 204 No Content, carry on. That's what you'll get from an XHR or API request. Give it a shot.:

Started POST "/__better_errors/f720475fe11671e3/variables" for ::1 at 2019-10-01 17:11:00 -0400
Started GET "/" for ::1 at 2019-10-01 17:21:25 -0400
Processing by StaticPagesController#root as HTML
Completed 406 Not Acceptable in 112ms (ActiveRecord: 0.0ms)



ActionController::UnknownFormat - StaticPagesController#root is missing a template for this request format and variant.

request.formats: ["text/html"]
request.variant: []

NOTE! For XHR/Ajax or API requests, this action would normally respond with 204 No Content: an empty white screen. Since you're loading it in a web browser, we assume that you expected to actually render a template, not nothing, so we're showing an error to be extra-clear. If you expect 204 No Content, carry on. That's what you'll get from an XHR or API request. Give it a shot.:

Started POST "/__better_errors/4efa328dc042960a/variables" for ::1 at 2019-10-01 17:21:25 -0400
Started GET "/" for ::1 at 2019-10-01 17:24:04 -0400
Processing by StaticPagesController#root as HTML
Completed 406 Not Acceptable in 94ms (ActiveRecord: 0.0ms)



ActionController::UnknownFormat - StaticPagesController#root is missing a template for this request format and variant.

request.formats: ["text/html"]
request.variant: []

NOTE! For XHR/Ajax or API requests, this action would normally respond with 204 No Content: an empty white screen. Since you're loading it in a web browser, we assume that you expected to actually render a template, not nothing, so we're showing an error to be extra-clear. If you expect 204 No Content, carry on. That's what you'll get from an XHR or API request. Give it a shot.:

Started POST "/__better_errors/ca44444ea71de293/variables" for ::1 at 2019-10-01 17:24:05 -0400
Started GET "/" for ::1 at 2019-10-01 17:24:43 -0400

LoadError - Unable to autoload constant StaticPagesController, expected /Users/emreersolmaz/Desktop/AppAcademy/Full-Stack-Project/IndependentCamp/independent_camp/app/controllers/static_pages_controller.rb to define it:

Started POST "/__better_errors/a13ee411d739b734/variables" for ::1 at 2019-10-01 17:24:43 -0400
Started GET "/" for ::1 at 2019-10-01 17:25:13 -0400
Processing by StaticPagesController#root as HTML
Completed 406 Not Acceptable in 88ms (ActiveRecord: 0.0ms)



ActionController::UnknownFormat - StaticPagesController#root is missing a template for this request format and variant.

request.formats: ["text/html"]
request.variant: []

NOTE! For XHR/Ajax or API requests, this action would normally respond with 204 No Content: an empty white screen. Since you're loading it in a web browser, we assume that you expected to actually render a template, not nothing, so we're showing an error to be extra-clear. If you expect 204 No Content, carry on. That's what you'll get from an XHR or API request. Give it a shot.:

Started POST "/__better_errors/c2f49a5d86100873/variables" for ::1 at 2019-10-01 17:25:13 -0400
Started GET "/" for ::1 at 2019-10-01 17:25:38 -0400
Processing by StaticPagesController#root as HTML
Completed 406 Not Acceptable in 88ms (ActiveRecord: 0.0ms)



ActionController::UnknownFormat - StaticPagesController#root is missing a template for this request format and variant.

request.formats: ["text/html"]
request.variant: []

NOTE! For XHR/Ajax or API requests, this action would normally respond with 204 No Content: an empty white screen. Since you're loading it in a web browser, we assume that you expected to actually render a template, not nothing, so we're showing an error to be extra-clear. If you expect 204 No Content, carry on. That's what you'll get from an XHR or API request. Give it a shot.:

Started POST "/__better_errors/ffa0f9810fd12773/variables" for ::1 at 2019-10-01 17:25:39 -0400
Started GET "/" for ::1 at 2019-10-01 17:27:52 -0400
Processing by StaticPagesController#root as HTML
  Rendering static_pages/root.html.erb within layouts/application
  Rendered static_pages/root.html.erb within layouts/application (0.3ms)
Completed 200 OK in 1402ms (Views: 1398.9ms | ActiveRecord: 0.0ms)


Started GET "/" for ::1 at 2019-10-01 17:29:08 -0400
Processing by StaticPagesController#root as HTML
  Rendering static_pages/root.html.erb within layouts/application
  Rendered static_pages/root.html.erb within layouts/application (0.3ms)
Completed 200 OK in 346ms (Views: 343.5ms | ActiveRecord: 0.0ms)


Started GET "/" for ::1 at 2019-10-01 17:29:26 -0400
Processing by StaticPagesController#root as HTML
  Rendering static_pages/root.html.erb within layouts/application
  Rendered static_pages/root.html.erb within layouts/application (0.4ms)
Completed 200 OK in 363ms (Views: 359.8ms | ActiveRecord: 0.0ms)


